Jul 04, 2016 4:31:50 PM org.apache.catalina.core.AprLifecycleListener init
INFO: The APR based Apache Tomcat Native library which allows optimal performance in production environments was not found on the java.library.path: /Users/mattb/Library/Java/Extensions:/Library/Java/Extensions:/Network/Library/Java/Extensions:/System/Library/Java/Extensions:/usr/lib/java:.
Jul 04, 2016 4:31:51 PM org.apache.coyote.AbstractProtocol init
INFO: Initializing ProtocolHandler ["http-bio-8080"]
Jul 04, 2016 4:31:51 PM org.apache.coyote.AbstractProtocol init
INFO: Initializing ProtocolHandler ["ajp-bio-8009"]
Jul 04, 2016 4:31:52 PM org.apache.openejb.util.OptionsLog info
INFO: Using 'tomee.force-reloadable=true'
Jul 04, 2016 4:31:52 PM org.apache.openejb.util.OptionsLog info
INFO: Using 'tomee.remote.support=true'
Jul 04, 2016 4:31:52 PM org.apache.openejb.util.OptionsLog info
INFO: Using 'openejb.jdbc.datasource-creator=org.apache.tomee.jdbc.TomEEDataSourceCreator'
Jul 04, 2016 4:31:52 PM org.apache.openejb.OpenEJB$Instance <init>
INFO: ********************************************************************************
Jul 04, 2016 4:31:52 PM org.apache.openejb.OpenEJB$Instance <init>
INFO: OpenEJB http://openejb.apache.org/
Jul 04, 2016 4:31:52 PM org.apache.openejb.OpenEJB$Instance <init>
INFO: Startup: Mon Jul 04 16:31:52 EST 2016
Jul 04, 2016 4:31:52 PM org.apache.openejb.OpenEJB$Instance <init>
INFO: Copyright 1999-2013 (C) Apache OpenEJB Project, All Rights Reserved.
Jul 04, 2016 4:31:52 PM org.apache.openejb.OpenEJB$Instance <init>
INFO: Version: 4.7.1
Jul 04, 2016 4:31:52 PM org.apache.openejb.OpenEJB$Instance <init>
INFO: Build date: 20140912
Jul 04, 2016 4:31:52 PM org.apache.openejb.OpenEJB$Instance <init>
INFO: Build time: 01:43
Jul 04, 2016 4:31:52 PM org.apache.openejb.OpenEJB$Instance <init>
INFO: ********************************************************************************
Jul 04, 2016 4:31:52 PM org.apache.openejb.OpenEJB$Instance <init>
INFO: openejb.home = /Users/mattb/eclipse/workspace/ocmjea/target/apache-tomee
Jul 04, 2016 4:31:52 PM org.apache.openejb.OpenEJB$Instance <init>
INFO: openejb.base = /Users/mattb/eclipse/workspace/ocmjea/target/apache-tomee
Jul 04, 2016 4:31:52 PM org.apache.openejb.cdi.CdiBuilder initializeOWB
INFO: Created new singletonService org.apache.openejb.cdi.ThreadSingletonServiceImpl@52394fb3
Jul 04, 2016 4:31:52 PM org.apache.openejb.cdi.CdiBuilder initializeOWB
INFO: Succeeded in installing singleton service
Jul 04, 2016 4:31:52 PM org.apache.openejb.config.ConfigurationFactory init
INFO: openejb configuration file is '/Users/mattb/eclipse/workspace/ocmjea/target/apache-tomee/conf/tomee.xml'
Jul 04, 2016 4:31:52 PM org.apache.openejb.config.ConfigurationFactory configureService
INFO: Configuring Service(id=Tomcat Security Service, type=SecurityService, provider-id=Tomcat Security Service)
Jul 04, 2016 4:31:52 PM org.apache.openejb.config.ConfigurationFactory configureService
INFO: Configuring Service(id=Default Transaction Manager, type=TransactionManager, provider-id=Default Transaction Manager)
Jul 04, 2016 4:31:52 PM org.apache.openejb.util.OptionsLog info
INFO: Using 'openejb.system.apps=true'
Jul 04, 2016 4:31:52 PM org.apache.openejb.config.ConfigurationFactory configureApplication
INFO: Configuring enterprise application: openejb
Jul 04, 2016 4:31:53 PM org.apache.openejb.config.InitEjbDeployments deploy
INFO: Using openejb.deploymentId.format '{ejbName}'
Jul 04, 2016 4:31:53 PM org.apache.openejb.config.InitEjbDeployments deploy
INFO: Auto-deploying ejb openejb/Deployer: EjbDeployment(deployment-id=openejb/Deployer)
Jul 04, 2016 4:31:53 PM org.apache.openejb.config.InitEjbDeployments deploy
INFO: Auto-deploying ejb openejb/ConfigurationInfo: EjbDeployment(deployment-id=openejb/ConfigurationInfo)
Jul 04, 2016 4:31:53 PM org.apache.openejb.config.InitEjbDeployments deploy
INFO: Auto-deploying ejb MEJB: EjbDeployment(deployment-id=MEJB)
Jul 04, 2016 4:31:53 PM org.apache.openejb.config.ConfigurationFactory configureService
INFO: Configuring Service(id=Default Stateless Container, type=Container, provider-id=Default Stateless Container)
Jul 04, 2016 4:31:53 PM org.apache.openejb.config.AutoConfig createContainer
INFO: Auto-creating a container for bean openejb/Deployer: Container(type=STATELESS, id=Default Stateless Container)
Jul 04, 2016 4:31:53 PM org.apache.openejb.config.AppInfoBuilder build
INFO: Enterprise application "openejb" loaded.
Jul 04, 2016 4:31:53 PM org.apache.openejb.assembler.classic.Assembler createRecipe
INFO: Creating TransactionManager(id=Default Transaction Manager)
Jul 04, 2016 4:31:53 PM org.apache.openejb.assembler.classic.Assembler createRecipe
INFO: Creating SecurityService(id=Tomcat Security Service)
Jul 04, 2016 4:31:53 PM org.apache.openejb.assembler.classic.Assembler createRecipe
INFO: Creating Container(id=Default Stateless Container)
Jul 04, 2016 4:31:53 PM org.apache.openejb.assembler.classic.Assembler createApplication
INFO: Assembling app: openejb
Jul 04, 2016 4:31:53 PM org.apache.openejb.util.OptionsLog info
INFO: Using 'openejb.jndiname.format={deploymentId}{interfaceType.openejbLegacyName}'
Jul 04, 2016 4:31:53 PM org.apache.openejb.assembler.classic.JndiBuilder bind
INFO: Jndi(name=openejb/DeployerBusinessRemote) --> Ejb(deployment-id=openejb/Deployer)
Jul 04, 2016 4:31:53 PM org.apache.openejb.assembler.classic.JndiBuilder bind
INFO: Jndi(name=global/openejb/openejb/Deployer!org.apache.openejb.assembler.Deployer) --> Ejb(deployment-id=openejb/Deployer)
Jul 04, 2016 4:31:53 PM org.apache.openejb.assembler.classic.JndiBuilder bind
INFO: Jndi(name=global/openejb/openejb/Deployer) --> Ejb(deployment-id=openejb/Deployer)
Jul 04, 2016 4:31:53 PM org.apache.openejb.assembler.classic.JndiBuilder bind
INFO: Jndi(name=openejb/ConfigurationInfoBusinessRemote) --> Ejb(deployment-id=openejb/ConfigurationInfo)
Jul 04, 2016 4:31:53 PM org.apache.openejb.assembler.classic.JndiBuilder bind
INFO: Jndi(name=global/openejb/openejb/ConfigurationInfo!org.apache.openejb.assembler.classic.cmd.ConfigurationInfo) --> Ejb(deployment-id=openejb/ConfigurationInfo)
Jul 04, 2016 4:31:53 PM org.apache.openejb.assembler.classic.JndiBuilder bind
INFO: Jndi(name=global/openejb/openejb/ConfigurationInfo) --> Ejb(deployment-id=openejb/ConfigurationInfo)
Jul 04, 2016 4:31:53 PM org.apache.openejb.assembler.classic.JndiBuilder bind
INFO: Jndi(name=MEJB) --> Ejb(deployment-id=MEJB)
Jul 04, 2016 4:31:53 PM org.apache.openejb.assembler.classic.JndiBuilder bind
INFO: Jndi(name=global/openejb/MEJB!javax.management.j2ee.ManagementHome) --> Ejb(deployment-id=MEJB)
Jul 04, 2016 4:31:53 PM org.apache.openejb.assembler.classic.JndiBuilder bind
INFO: Jndi(name=global/openejb/MEJB) --> Ejb(deployment-id=MEJB)
Jul 04, 2016 4:31:53 PM org.apache.openejb.assembler.classic.Assembler startEjbs
INFO: Created Ejb(deployment-id=openejb/Deployer, ejb-name=openejb/Deployer, container=Default Stateless Container)
Jul 04, 2016 4:31:53 PM org.apache.openejb.assembler.classic.Assembler startEjbs
INFO: Created Ejb(deployment-id=MEJB, ejb-name=MEJB, container=Default Stateless Container)
Jul 04, 2016 4:31:53 PM org.apache.openejb.assembler.classic.Assembler startEjbs
INFO: Created Ejb(deployment-id=openejb/ConfigurationInfo, ejb-name=openejb/ConfigurationInfo, container=Default Stateless Container)
Jul 04, 2016 4:31:53 PM org.apache.openejb.assembler.classic.Assembler startEjbs
INFO: Started Ejb(deployment-id=openejb/Deployer, ejb-name=openejb/Deployer, container=Default Stateless Container)
Jul 04, 2016 4:31:54 PM org.apache.openejb.assembler.classic.Assembler startEjbs
INFO: Started Ejb(deployment-id=MEJB, ejb-name=MEJB, container=Default Stateless Container)
Jul 04, 2016 4:31:54 PM org.apache.openejb.assembler.classic.Assembler startEjbs
INFO: Started Ejb(deployment-id=openejb/ConfigurationInfo, ejb-name=openejb/ConfigurationInfo, container=Default Stateless Container)
Jul 04, 2016 4:31:54 PM org.apache.openejb.assembler.classic.Assembler deployMBean
INFO: Deployed MBean(openejb.user.mbeans:application=openejb,group=org.apache.openejb.assembler.monitoring,name=JMXDeployer)
Jul 04, 2016 4:31:54 PM org.apache.openejb.assembler.classic.Assembler createApplication
INFO: Deployed Application(path=openejb)
Jul 04, 2016 4:31:54 PM org.apache.openejb.server.SimpleServiceManager start
INFO:   ** Bound Services **
Jul 04, 2016 4:31:54 PM org.apache.openejb.server.SimpleServiceManager printRow
INFO:   NAME                 IP              PORT  
Jul 04, 2016 4:31:54 PM org.apache.openejb.server.SimpleServiceManager start
INFO: -------
Jul 04, 2016 4:31:54 PM org.apache.openejb.server.SimpleServiceManager start
INFO: Ready!
Jul 04, 2016 4:31:54 PM org.apache.catalina.startup.Catalina load
INFO: Initialization processed in 4241 ms
Jul 04, 2016 4:31:54 PM org.apache.tomee.catalina.OpenEJBNamingContextListener bindResource
INFO: Importing a Tomcat Resource with id 'UserDatabase' of type 'org.apache.catalina.UserDatabase'.
Jul 04, 2016 4:31:54 PM org.apache.openejb.assembler.classic.Assembler createRecipe
INFO: Creating Resource(id=UserDatabase)
Jul 04, 2016 4:31:54 PM org.apache.catalina.core.StandardService startInternal
INFO: Starting service Catalina
Jul 04, 2016 4:31:54 PM org.apache.catalina.core.StandardEngine startInternal
INFO: Starting Servlet Engine: Apache Tomcat (TomEE)/7.0.55 (1.7.1)
Jul 04, 2016 4:31:54 PM org.apache.catalina.startup.HostConfig deployWAR
INFO: Deploying web application archive /Users/mattb/eclipse/workspace/ocmjea/target/apache-tomee/webapps/ocmjea-0.1.war
Jul 04, 2016 4:31:54 PM org.apache.tomee.catalina.TomcatWebAppBuilder init
INFO: ------------------------- localhost -> /ocmjea-0.1
Jul 04, 2016 4:31:54 PM org.apache.openejb.util.JarExtractor extract
INFO: Extracting jar: /Users/mattb/eclipse/workspace/ocmjea/target/apache-tomee/webapps/ocmjea-0.1.war
Jul 04, 2016 4:31:54 PM org.apache.openejb.util.JarExtractor extract
INFO: Extracted path: /Users/mattb/eclipse/workspace/ocmjea/target/apache-tomee/webapps/ocmjea-0.1
Jul 04, 2016 4:31:54 PM org.apache.openejb.util.OptionsLog info
INFO: Using 'openejb.session.manager=org.apache.tomee.catalina.session.QuickSessionManager'
Jul 04, 2016 4:31:54 PM org.apache.tomee.catalina.TomEEClassLoaderEnricher validateJarFile
WARNING: jar '/Users/mattb/eclipse/workspace/ocmjea/target/apache-tomee/webapps/ocmjea-0.1/WEB-INF/lib/hibernate-jpa-2.0-api-1.0.1.Final.jar' contains offending class: javax.persistence.Entity. It will be ignored.
Jul 04, 2016 4:31:54 PM org.apache.tomee.catalina.TomEEClassLoaderEnricher validateJarFile
WARNING: jar '/Users/mattb/eclipse/workspace/ocmjea/target/apache-tomee/webapps/ocmjea-0.1/WEB-INF/lib/jta-1.1.jar' contains offending class: javax.transaction.Transaction. It will be ignored.
Jul 04, 2016 4:31:55 PM org.apache.openejb.config.ConfigurationFactory configureApplication
INFO: Configuring enterprise application: /Users/mattb/eclipse/workspace/ocmjea/target/apache-tomee/webapps/ocmjea-0.1
Jul 04, 2016 4:31:55 PM org.apache.openejb.config.InitEjbDeployments deploy
INFO: Auto-deploying ejb HouseDesign: EjbDeployment(deployment-id=HouseDesign)
Jul 04, 2016 4:31:55 PM org.apache.openejb.config.ConfigurationFactory configureService
INFO: Configuring Service(id=Default Managed Container, type=Container, provider-id=Default Managed Container)
Jul 04, 2016 4:31:55 PM org.apache.openejb.config.AutoConfig createContainer
INFO: Auto-creating a container for bean ocmjea-0.1.Comp2091375477: Container(type=MANAGED, id=Default Managed Container)
Jul 04, 2016 4:31:55 PM org.apache.openejb.assembler.classic.Assembler createRecipe
INFO: Creating Container(id=Default Managed Container)
Jul 04, 2016 4:31:55 PM org.apache.openejb.core.managed.SimplePassivater init
INFO: Using directory /Users/mattb/eclipse/workspace/ocmjea/target/apache-tomee/temp for stateful session passivation
Jul 04, 2016 4:31:55 PM org.apache.openejb.config.ConfigurationFactory configureService
INFO: Configuring Service(id=Default Stateful Container, type=Container, provider-id=Default Stateful Container)
Jul 04, 2016 4:31:55 PM org.apache.openejb.config.AutoConfig createContainer
INFO: Auto-creating a container for bean HouseDesign: Container(type=STATEFUL, id=Default Stateful Container)
Jul 04, 2016 4:31:55 PM org.apache.openejb.assembler.classic.Assembler createRecipe
INFO: Creating Container(id=Default Stateful Container)
Jul 04, 2016 4:31:55 PM org.apache.openejb.core.stateful.SimplePassivater init
INFO: Using directory /Users/mattb/eclipse/workspace/ocmjea/target/apache-tomee/temp for stateful session passivation
Jul 04, 2016 4:31:55 PM org.apache.openejb.config.AutoConfig deploy
INFO: Configuring PersistenceUnit(name=test, provider=org.hibernate.ejb.HibernatePersistence)
Jul 04, 2016 4:31:55 PM org.apache.openejb.config.ConfigurationFactory configureService
INFO: Configuring Service(id=Default JDBC Database, type=Resource, provider-id=Default JDBC Database)
Jul 04, 2016 4:31:55 PM org.apache.openejb.config.AutoConfig logAutoCreateResource
INFO: Auto-creating a Resource with id 'Default JDBC Database' of type 'DataSource for 'test'.
Jul 04, 2016 4:31:55 PM org.apache.openejb.assembler.classic.Assembler createRecipe
INFO: Creating Resource(id=Default JDBC Database)
Jul 04, 2016 4:31:55 PM org.apache.tomee.jdbc.TomEEDataSourceCreator$TomEEDataSource readOnly
INFO: Disabling testOnBorrow since no validation query is provided
Jul 04, 2016 4:31:56 PM org.apache.openejb.config.ConfigurationFactory configureService
INFO: Configuring Service(id=Default Unmanaged JDBC Database, type=Resource, provider-id=Default Unmanaged JDBC Database)
Jul 04, 2016 4:31:56 PM org.apache.openejb.config.AutoConfig logAutoCreateResource
INFO: Auto-creating a Resource with id 'Default Unmanaged JDBC Database' of type 'DataSource for 'test'.
Jul 04, 2016 4:31:56 PM org.apache.openejb.assembler.classic.Assembler createRecipe
INFO: Creating Resource(id=Default Unmanaged JDBC Database)
Jul 04, 2016 4:31:56 PM org.apache.tomee.jdbc.TomEEDataSourceCreator$TomEEDataSource readOnly
INFO: Disabling testOnBorrow since no validation query is provided
Jul 04, 2016 4:31:56 PM org.apache.openejb.config.AutoConfig setJtaDataSource
INFO: Adjusting PersistenceUnit test <jta-data-source> to Resource ID 'Default JDBC Database' from 'null'
Jul 04, 2016 4:31:56 PM org.apache.openejb.config.AutoConfig setNonJtaDataSource
INFO: Adjusting PersistenceUnit test <non-jta-data-source> to Resource ID 'Default Unmanaged JDBC Database' from 'null'
Jul 04, 2016 4:31:56 PM org.apache.openejb.config.AppInfoBuilder build
INFO: Enterprise application "/Users/mattb/eclipse/workspace/ocmjea/target/apache-tomee/webapps/ocmjea-0.1" loaded.
Jul 04, 2016 4:31:56 PM org.apache.openejb.assembler.classic.Assembler createApplication
INFO: Assembling app: /Users/mattb/eclipse/workspace/ocmjea/target/apache-tomee/webapps/ocmjea-0.1
Jul 04, 2016 4:31:57 PM org.hsqldb.persist.Logger logInfoEvent
INFO: Checkpoint start
Jul 04, 2016 4:31:57 PM org.hsqldb.persist.Logger logInfoEvent
INFO: checkpointClose start
Jul 04, 2016 4:31:58 PM org.hsqldb.persist.Logger logInfoEvent
INFO: checkpointClose end
Jul 04, 2016 4:31:58 PM org.hsqldb.persist.Logger logInfoEvent
INFO: Checkpoint end - txts: 1
Jul 04, 2016 4:31:58 PM org.apache.openejb.assembler.classic.ReloadableEntityManagerFactory createDelegate
INFO: PersistenceUnit(name=test, provider=org.hibernate.ejb.HibernatePersistence) - provider time 2816ms
Jul 04, 2016 4:31:58 PM org.apache.openejb.assembler.classic.JndiBuilder bind
INFO: Jndi(name=HouseDesignLocalBean) --> Ejb(deployment-id=HouseDesign)
Jul 04, 2016 4:31:59 PM org.apache.openejb.assembler.classic.JndiBuilder bind
INFO: Jndi(name=global/ocmjea-0.1/HouseDesign!com.mbirtchnell.ocmjea.services.HouseDesign) --> Ejb(deployment-id=HouseDesign)
Jul 04, 2016 4:31:59 PM org.apache.openejb.assembler.classic.JndiBuilder bind
INFO: Jndi(name=global/ocmjea-0.1/HouseDesign) --> Ejb(deployment-id=HouseDesign)
Jul 04, 2016 4:31:59 PM org.apache.openejb.cdi.CdiBuilder initSingleton
INFO: Existing thread singleton service in SystemInstance(): org.apache.openejb.cdi.ThreadSingletonServiceImpl@52394fb3
Jul 04, 2016 4:31:59 PM org.apache.openejb.cdi.OpenEJBLifecycle startApplication
INFO: OpenWebBeans Container is starting...
Jul 04, 2016 4:31:59 PM org.apache.webbeans.plugins.PluginLoader startUp
INFO: Adding OpenWebBeansPlugin : [CdiPlugin]
Jul 04, 2016 4:31:59 PM org.apache.webbeans.plugins.PluginLoader startUp
INFO: Adding OpenWebBeansPlugin : [OpenWebBeansJsfPlugin]
Jul 04, 2016 4:31:59 PM org.apache.webbeans.config.BeansDeployer validateInjectionPoints
INFO: All injection points were validated successfully.
Jul 04, 2016 4:31:59 PM org.apache.openejb.cdi.OpenEJBLifecycle startApplication
INFO: OpenWebBeans Container has started, it took 202 ms.
Jul 04, 2016 4:31:59 PM org.apache.openejb.assembler.classic.Assembler startEjbs
INFO: Created Ejb(deployment-id=HouseDesign, ejb-name=HouseDesign, container=Default Stateful Container)
Jul 04, 2016 4:31:59 PM org.apache.openejb.assembler.classic.Assembler startEjbs
INFO: Started Ejb(deployment-id=HouseDesign, ejb-name=HouseDesign, container=Default Stateful Container)
Jul 04, 2016 4:31:59 PM org.apache.openejb.assembler.classic.Assembler createApplication
INFO: Deployed Application(path=/Users/mattb/eclipse/workspace/ocmjea/target/apache-tomee/webapps/ocmjea-0.1)
Jul 04, 2016 4:31:59 PM org.apache.tomee.myfaces.TomEEMyFacesContainerInitializer addListener
INFO: Installing <listener>org.apache.myfaces.webapp.StartupServletContextListener</listener>
Jul 04, 2016 4:31:59 PM org.apache.myfaces.config.DefaultFacesConfigurationProvider getStandardFacesConfig
INFO: Reading standard config META-INF/standard-faces-config.xml
Jul 04, 2016 4:32:00 PM org.apache.myfaces.config.DefaultFacesConfigurationProvider getClassloaderFacesConfig
INFO: Reading config : jar:file:/Users/mattb/eclipse/workspace/ocmjea/target/apache-tomee/lib/openwebbeans-el22-1.2.6.jar!/META-INF/faces-config.xml
Jul 04, 2016 4:32:00 PM org.apache.myfaces.config.DefaultFacesConfigurationProvider getClassloaderFacesConfig
INFO: Reading config : jar:file:/Users/mattb/eclipse/workspace/ocmjea/target/apache-tomee/lib/openwebbeans-jsf-1.2.6.jar!/META-INF/faces-config.xml
Jul 04, 2016 4:32:00 PM org.apache.myfaces.config.LogMetaInfUtils logArtifact
INFO: Artifact 'myfaces-api' was found in version '2.1.15' from path 'file:/Users/mattb/eclipse/workspace/ocmjea/target/apache-tomee/lib/myfaces-api-2.1.15.jar'
Jul 04, 2016 4:32:00 PM org.apache.myfaces.config.LogMetaInfUtils logArtifact
INFO: Artifact 'myfaces-impl' was found in version '2.1.15' from path 'file:/Users/mattb/eclipse/workspace/ocmjea/target/apache-tomee/lib/myfaces-impl-2.1.15.jar'
Jul 04, 2016 4:32:00 PM org.apache.myfaces.util.ExternalSpecifications isBeanValidationAvailable
INFO: MyFaces Bean Validation support enabled
Jul 04, 2016 4:32:00 PM org.apache.myfaces.config.FacesConfigurator handleSerialFactory
INFO: Serialization provider : class org.apache.myfaces.shared_impl.util.serial.DefaultSerialFactory
Jul 04, 2016 4:32:00 PM org.apache.myfaces.config.annotation.DefaultLifecycleProviderFactory getLifecycleProvider
INFO: Using LifecycleProvider org.apache.myfaces.config.annotation.Tomcat7AnnotationLifecycleProvider
Jul 04, 2016 4:32:00 PM org.apache.myfaces.webapp.AbstractFacesInitializer initFaces
INFO: ServletContext initialized.
Jul 04, 2016 4:32:00 PM org.apache.myfaces.util.ExternalSpecifications isUnifiedELAvailable
INFO: MyFaces Unified EL support enabled
Jul 04, 2016 4:32:00 PM org.apache.myfaces.webapp.AbstractFacesInitializer initFaces
WARNING: 

*******************************************************************
*** WARNING: Apache MyFaces-2 is running in DEVELOPMENT mode.   ***
***                                         ^^^^^^^^^^^         ***
*** Do NOT deploy to your live server(s) without changing this. ***
*** See Application#getProjectStage() for more information.     ***
*******************************************************************

Jul 04, 2016 4:32:00 PM org.apache.catalina.startup.HostConfig deployWAR
INFO: Deployment of web application archive /Users/mattb/eclipse/workspace/ocmjea/target/apache-tomee/webapps/ocmjea-0.1.war has finished in 6,608 ms
Jul 04, 2016 4:32:00 PM org.apache.coyote.AbstractProtocol start
INFO: Starting ProtocolHandler ["http-bio-8080"]
Jul 04, 2016 4:32:00 PM org.apache.coyote.AbstractProtocol start
INFO: Starting ProtocolHandler ["ajp-bio-8009"]
Jul 04, 2016 4:32:00 PM org.apache.catalina.startup.Catalina start
INFO: Server startup in 6769 ms
Jul 04, 2016 4:49:19 PM org.apache.catalina.core.StandardContext reload
INFO: Reloading Context with name [/ocmjea-0.1] has started
Jul 04, 2016 4:49:19 PM org.apache.openejb.assembler.classic.Assembler destroyApplication
INFO: Undeploying app: /Users/mattb/eclipse/workspace/ocmjea/target/apache-tomee/webapps/ocmjea-0.1
Jul 04, 2016 4:49:20 PM org.apache.catalina.loader.WebappClassLoader clearReferencesThreads
SEVERE: The web application [/ocmjea-0.1] appears to have started a thread named [HSQLDB Timer @7f37500e] but has failed to stop it. This is very likely to create a memory leak.
Jul 04, 2016 4:49:20 PM org.apache.tomee.catalina.TomEEClassLoaderEnricher validateJarFile
WARNING: jar '/Users/mattb/eclipse/workspace/ocmjea/target/apache-tomee/webapps/ocmjea-0.1/WEB-INF/lib/hibernate-jpa-2.0-api-1.0.1.Final.jar' contains offending class: javax.persistence.Entity. It will be ignored.
Jul 04, 2016 4:49:20 PM org.apache.tomee.catalina.TomEEClassLoaderEnricher validateJarFile
WARNING: jar '/Users/mattb/eclipse/workspace/ocmjea/target/apache-tomee/webapps/ocmjea-0.1/WEB-INF/lib/jta-1.1.jar' contains offending class: javax.transaction.Transaction. It will be ignored.
Jul 04, 2016 4:49:20 PM org.apache.openejb.config.ConfigurationFactory configureApplication
INFO: Configuring enterprise application: /Users/mattb/eclipse/workspace/ocmjea/target/apache-tomee/webapps/ocmjea-0.1
Jul 04, 2016 4:49:20 PM org.apache.openejb.config.InitEjbDeployments deploy
INFO: Auto-deploying ejb HouseDesign: EjbDeployment(deployment-id=HouseDesign)
Jul 04, 2016 4:49:20 PM org.apache.openejb.config.AutoConfig deploy
INFO: Configuring PersistenceUnit(name=test, provider=org.hibernate.ejb.HibernatePersistence)
Jul 04, 2016 4:49:20 PM org.apache.openejb.config.AutoConfig setJtaDataSource
INFO: Adjusting PersistenceUnit test <jta-data-source> to Resource ID 'Default JDBC Database' from 'null'
Jul 04, 2016 4:49:20 PM org.apache.openejb.config.AutoConfig setNonJtaDataSource
INFO: Adjusting PersistenceUnit test <non-jta-data-source> to Resource ID 'Default Unmanaged JDBC Database' from 'null'
Jul 04, 2016 4:49:20 PM org.apache.openejb.config.AppInfoBuilder build
INFO: Enterprise application "/Users/mattb/eclipse/workspace/ocmjea/target/apache-tomee/webapps/ocmjea-0.1" loaded.
Jul 04, 2016 4:49:20 PM org.apache.openejb.assembler.classic.Assembler createApplication
INFO: Assembling app: /Users/mattb/eclipse/workspace/ocmjea/target/apache-tomee/webapps/ocmjea-0.1
Jul 04, 2016 4:49:23 PM org.apache.openejb.assembler.classic.ReloadableEntityManagerFactory createDelegate
INFO: PersistenceUnit(name=test, provider=org.hibernate.ejb.HibernatePersistence) - provider time 2297ms
Jul 04, 2016 4:49:23 PM org.apache.openejb.assembler.classic.JndiBuilder bind
INFO: Jndi(name=HouseDesignLocalBean) --> Ejb(deployment-id=HouseDesign)
Jul 04, 2016 4:49:23 PM org.apache.openejb.assembler.classic.JndiBuilder bind
INFO: Jndi(name=global/ocmjea-0.1/HouseDesign!com.mbirtchnell.ocmjea.services.HouseDesign) --> Ejb(deployment-id=HouseDesign)
Jul 04, 2016 4:49:23 PM org.apache.openejb.assembler.classic.JndiBuilder bind
INFO: Jndi(name=global/ocmjea-0.1/HouseDesign) --> Ejb(deployment-id=HouseDesign)
Jul 04, 2016 4:49:23 PM org.apache.openejb.cdi.CdiBuilder initSingleton
INFO: Existing thread singleton service in SystemInstance(): org.apache.openejb.cdi.ThreadSingletonServiceImpl@52394fb3
Jul 04, 2016 4:49:23 PM org.apache.openejb.cdi.OpenEJBLifecycle startApplication
INFO: OpenWebBeans Container is starting...
Jul 04, 2016 4:49:23 PM org.apache.openejb.cdi.OpenEJBLifecycle startApplication
INFO: OpenWebBeans Container has started, it took 39 ms.
Jul 04, 2016 4:49:23 PM org.apache.openejb.assembler.classic.Assembler startEjbs
INFO: Created Ejb(deployment-id=HouseDesign, ejb-name=HouseDesign, container=Default Stateful Container)
Jul 04, 2016 4:49:23 PM org.apache.openejb.assembler.classic.Assembler startEjbs
INFO: Started Ejb(deployment-id=HouseDesign, ejb-name=HouseDesign, container=Default Stateful Container)
Jul 04, 2016 4:49:23 PM org.apache.openejb.assembler.classic.Assembler createApplication
INFO: Deployed Application(path=/Users/mattb/eclipse/workspace/ocmjea/target/apache-tomee/webapps/ocmjea-0.1)
Jul 04, 2016 4:49:23 PM org.apache.tomee.myfaces.TomEEMyFacesContainerInitializer addListener
INFO: Installing <listener>org.apache.myfaces.webapp.StartupServletContextListener</listener>
Jul 04, 2016 4:49:23 PM org.apache.catalina.core.StandardContext reload
INFO: Reloading Context with name [/ocmjea-0.1] is completed
Jul 04, 2016 4:49:39 PM org.apache.catalina.core.StandardContext reload
INFO: Reloading Context with name [/ocmjea-0.1] has started
Jul 04, 2016 4:49:39 PM org.apache.openejb.assembler.classic.Assembler destroyApplication
INFO: Undeploying app: /Users/mattb/eclipse/workspace/ocmjea/target/apache-tomee/webapps/ocmjea-0.1
Jul 04, 2016 4:49:40 PM org.apache.tomee.catalina.TomEEClassLoaderEnricher validateJarFile
WARNING: jar '/Users/mattb/eclipse/workspace/ocmjea/target/apache-tomee/webapps/ocmjea-0.1/WEB-INF/lib/hibernate-jpa-2.0-api-1.0.1.Final.jar' contains offending class: javax.persistence.Entity. It will be ignored.
Jul 04, 2016 4:49:40 PM org.apache.tomee.catalina.TomEEClassLoaderEnricher validateJarFile
WARNING: jar '/Users/mattb/eclipse/workspace/ocmjea/target/apache-tomee/webapps/ocmjea-0.1/WEB-INF/lib/jta-1.1.jar' contains offending class: javax.transaction.Transaction. It will be ignored.
Jul 04, 2016 4:49:40 PM org.apache.openejb.config.ConfigurationFactory configureApplication
INFO: Configuring enterprise application: /Users/mattb/eclipse/workspace/ocmjea/target/apache-tomee/webapps/ocmjea-0.1
Jul 04, 2016 4:49:40 PM org.apache.openejb.config.InitEjbDeployments deploy
INFO: Auto-deploying ejb HouseDesign: EjbDeployment(deployment-id=HouseDesign)
Jul 04, 2016 4:49:40 PM org.apache.openejb.config.InitEjbDeployments deploy
INFO: Auto-deploying ejb HouseDesignService: EjbDeployment(deployment-id=HouseDesignService)
Jul 04, 2016 4:49:40 PM org.apache.openejb.config.AutoConfig deploy
INFO: Configuring PersistenceUnit(name=test, provider=org.hibernate.ejb.HibernatePersistence)
Jul 04, 2016 4:49:40 PM org.apache.openejb.config.AutoConfig setJtaDataSource
INFO: Adjusting PersistenceUnit test <jta-data-source> to Resource ID 'Default JDBC Database' from 'null'
Jul 04, 2016 4:49:40 PM org.apache.openejb.config.AutoConfig setNonJtaDataSource
INFO: Adjusting PersistenceUnit test <non-jta-data-source> to Resource ID 'Default Unmanaged JDBC Database' from 'null'
Jul 04, 2016 4:49:40 PM org.apache.openejb.config.AppInfoBuilder build
INFO: Enterprise application "/Users/mattb/eclipse/workspace/ocmjea/target/apache-tomee/webapps/ocmjea-0.1" loaded.
Jul 04, 2016 4:49:40 PM org.apache.openejb.assembler.classic.Assembler createApplication
INFO: Assembling app: /Users/mattb/eclipse/workspace/ocmjea/target/apache-tomee/webapps/ocmjea-0.1
Jul 04, 2016 4:49:41 PM org.apache.openejb.assembler.classic.ReloadableEntityManagerFactory createDelegate
INFO: PersistenceUnit(name=test, provider=org.hibernate.ejb.HibernatePersistence) - provider time 1610ms
Jul 04, 2016 4:49:41 PM org.apache.openejb.assembler.classic.JndiBuilder bind
INFO: Jndi(name=HouseDesignLocalBean) --> Ejb(deployment-id=HouseDesign)
Jul 04, 2016 4:49:41 PM org.apache.openejb.assembler.classic.JndiBuilder bind
INFO: Jndi(name=global/ocmjea-0.1/HouseDesign!com.mbirtchnell.ocmjea.services.HouseDesign) --> Ejb(deployment-id=HouseDesign)
Jul 04, 2016 4:49:41 PM org.apache.openejb.assembler.classic.JndiBuilder bind
INFO: Jndi(name=global/ocmjea-0.1/HouseDesign) --> Ejb(deployment-id=HouseDesign)
Jul 04, 2016 4:49:41 PM org.apache.openejb.assembler.classic.JndiBuilder bind
INFO: Jndi(name=HouseDesignServiceLocalBean) --> Ejb(deployment-id=HouseDesignService)
Jul 04, 2016 4:49:41 PM org.apache.openejb.assembler.classic.JndiBuilder bind
INFO: Jndi(name=global/ocmjea-0.1/HouseDesignService!com.mbirtchnell.ocmjea.services.HouseDesignService) --> Ejb(deployment-id=HouseDesignService)
Jul 04, 2016 4:49:41 PM org.apache.openejb.assembler.classic.JndiBuilder bind
INFO: Jndi(name=global/ocmjea-0.1/HouseDesignService) --> Ejb(deployment-id=HouseDesignService)
Jul 04, 2016 4:49:41 PM org.apache.openejb.cdi.CdiBuilder initSingleton
INFO: Existing thread singleton service in SystemInstance(): org.apache.openejb.cdi.ThreadSingletonServiceImpl@52394fb3
Jul 04, 2016 4:49:41 PM org.apache.openejb.cdi.OpenEJBLifecycle startApplication
INFO: OpenWebBeans Container is starting...
Jul 04, 2016 4:49:41 PM org.apache.openejb.cdi.OpenEJBLifecycle startApplication
SEVERE: CDI Beans module deployment failed
org.apache.webbeans.exception.inject.DeploymentException: javax.enterprise.inject.AmbiguousResolutionException: There are more than one WebBeans with name : houseDesignController
found beans: 
HouseDesignController, Name:houseDesignController, WebBeans Type:MANAGED, API Types:[java.lang.Object,com.mbirtchnell.ocmjea.controller.HouseDesignController], Qualifiers:[javax.enterprise.inject.Any,javax.enterprise.inject.Default,javax.inject.Named] from file:/Users/mattb/eclipse/workspace/ocmjea/target/apache-tomee/webapps/ocmjea-0.1/WEB-INF/classes/com/mbirtchnell/ocmjea/controller/HouseDesignController.class
HouseDesignController, Name:houseDesignController, WebBeans Type:MANAGED, API Types:[java.lang.Object,com.mbirtchnell.ocmjea.controllers.HouseDesignController], Qualifiers:[javax.enterprise.inject.Any,javax.enterprise.inject.Default,javax.inject.Named] from file:/Users/mattb/eclipse/workspace/ocmjea/target/apache-tomee/webapps/ocmjea-0.1/WEB-INF/classes/com/mbirtchnell/ocmjea/controllers/HouseDesignController.class
	at org.apache.webbeans.config.BeansDeployer.deploy(BeansDeployer.java:219)
	at org.apache.openejb.cdi.OpenEJBLifecycle.startApplication(OpenEJBLifecycle.java:194)
	at org.apache.openejb.cdi.ThreadSingletonServiceImpl.initialize(ThreadSingletonServiceImpl.java:160)
	at org.apache.openejb.cdi.CdiBuilder.build(CdiBuilder.java:41)
	at org.apache.openejb.assembler.classic.Assembler.createApplication(Assembler.java:797)
	at org.apache.openejb.assembler.classic.Assembler.createApplication(Assembler.java:623)
	at org.apache.tomee.catalina.TomcatWebAppBuilder.startInternal(TomcatWebAppBuilder.java:1248)
	at org.apache.tomee.catalina.TomcatWebAppBuilder.configureStart(TomcatWebAppBuilder.java:1087)
	at org.apache.tomee.catalina.GlobalListenerSupport.lifecycleEvent(GlobalListenerSupport.java:130)
	at org.apache.catalina.util.LifecycleSupport.fireLifecycleEvent(LifecycleSupport.java:117)
	at org.apache.catalina.util.LifecycleBase.fireLifecycleEvent(LifecycleBase.java:90)
	at org.apache.catalina.core.StandardContext.startInternal(StandardContext.java:5378)
	at org.apache.catalina.util.LifecycleBase.start(LifecycleBase.java:150)
	at org.apache.catalina.core.StandardContext.reload(StandardContext.java:4007)
	at org.apache.tomee.catalina.deployment.TomcatWebappDeployer.reload(TomcatWebappDeployer.java:82)
	at org.apache.openejb.assembler.DeployerEjb.reload(DeployerEjb.java:411)
	at org.apache.openejb.assembler.DeployerEjb.reload(DeployerEjb.java:399)
	at sun.reflect.NativeMethodAccessorImpl.invoke0(Native Method)
	at sun.reflect.NativeMethodAccessorImpl.invoke(NativeMethodAccessorImpl.java:57)
	at sun.reflect.DelegatingMethodAccessorImpl.invoke(DelegatingMethodAccessorImpl.java:43)
	at java.lang.reflect.Method.invoke(Method.java:601)
	at org.apache.openejb.core.interceptor.ReflectionInvocationContext$Invocation.invoke(ReflectionInvocationContext.java:192)
	at org.apache.openejb.core.interceptor.ReflectionInvocationContext.proceed(ReflectionInvocationContext.java:173)
	at org.apache.openejb.security.internal.InternalSecurityInterceptor.invoke(InternalSecurityInterceptor.java:35)
	at sun.reflect.NativeMethodAccessorImpl.invoke0(Native Method)
	at sun.reflect.NativeMethodAccessorImpl.invoke(NativeMethodAccessorImpl.java:57)
	at sun.reflect.DelegatingMethodAccessorImpl.invoke(DelegatingMethodAccessorImpl.java:43)
	at java.lang.reflect.Method.invoke(Method.java:601)
	at org.apache.openejb.core.interceptor.ReflectionInvocationContext$Invocation.invoke(ReflectionInvocationContext.java:192)
	at org.apache.openejb.core.interceptor.ReflectionInvocationContext.proceed(ReflectionInvocationContext.java:173)
	at org.apache.openejb.monitoring.StatsInterceptor.record(StatsInterceptor.java:181)
	at org.apache.openejb.monitoring.StatsInterceptor.invoke(StatsInterceptor.java:100)
	at sun.reflect.NativeMethodAccessorImpl.invoke0(Native Method)
	at sun.reflect.NativeMethodAccessorImpl.invoke(NativeMethodAccessorImpl.java:57)
	at sun.reflect.DelegatingMethodAccessorImpl.invoke(DelegatingMethodAccessorImpl.java:43)
	at java.lang.reflect.Method.invoke(Method.java:601)
	at org.apache.openejb.core.interceptor.ReflectionInvocationContext$Invocation.invoke(ReflectionInvocationContext.java:192)
	at org.apache.openejb.core.interceptor.ReflectionInvocationContext.proceed(ReflectionInvocationContext.java:173)
	at org.apache.openejb.core.interceptor.InterceptorStack.invoke(InterceptorStack.java:85)
	at org.apache.openejb.core.stateless.StatelessContainer._invoke(StatelessContainer.java:227)
	at org.apache.openejb.core.stateless.StatelessContainer.invoke(StatelessContainer.java:194)
	at org.apache.openejb.server.ejbd.EjbRequestHandler.doEjbObject_BUSINESS_METHOD(EjbRequestHandler.java:370)
	at org.apache.openejb.server.ejbd.EjbRequestHandler.processRequest(EjbRequestHandler.java:181)
	at org.apache.openejb.server.ejbd.EjbDaemon.processEjbRequest(EjbDaemon.java:344)
	at org.apache.openejb.server.ejbd.EjbDaemon.service(EjbDaemon.java:240)
	at org.apache.openejb.server.ejbd.EjbServer.service(EjbServer.java:86)
	at org.apache.openejb.server.httpd.ServerServlet.service(ServerServlet.java:58)
	at javax.servlet.http.HttpServlet.service(HttpServlet.java:727)
	at org.apache.catalina.core.ApplicationFilterChain.internalDoFilter(ApplicationFilterChain.java:303)
	at org.apache.catalina.core.ApplicationFilterChain.doFilter(ApplicationFilterChain.java:208)
	at org.apache.catalina.core.StandardWrapperValve.invoke(StandardWrapperValve.java:220)
	at org.apache.catalina.core.StandardContextValve.invoke(StandardContextValve.java:122)
	at org.apache.tomee.catalina.OpenEJBValve.invoke(OpenEJBValve.java:44)
	at org.apache.catalina.core.StandardHostValve.invoke(StandardHostValve.java:171)
	at org.apache.catalina.valves.ErrorReportValve.invoke(ErrorReportValve.java:103)
	at org.apache.catalina.valves.AccessLogValve.invoke(AccessLogValve.java:950)
	at org.apache.catalina.core.StandardEngineValve.invoke(StandardEngineValve.java:116)
	at org.apache.catalina.connector.CoyoteAdapter.service(CoyoteAdapter.java:408)
	at org.apache.coyote.http11.AbstractHttp11Processor.process(AbstractHttp11Processor.java:1070)
	at org.apache.coyote.AbstractProtocol$AbstractConnectionHandler.process(AbstractProtocol.java:611)
	at org.apache.tomcat.util.net.JIoEndpoint$SocketProcessor.run(JIoEndpoint.java:316)
	at java.util.concurrent.ThreadPoolExecutor.runWorker(ThreadPoolExecutor.java:1110)
	at java.util.concurrent.ThreadPoolExecutor$Worker.run(ThreadPoolExecutor.java:603)
	at org.apache.tomcat.util.threads.TaskThread$WrappingRunnable.run(TaskThread.java:61)
	at java.lang.Thread.run(Thread.java:722)
Caused by: javax.enterprise.inject.AmbiguousResolutionException: There are more than one WebBeans with name : houseDesignController
found beans: 
HouseDesignController, Name:houseDesignController, WebBeans Type:MANAGED, API Types:[java.lang.Object,com.mbirtchnell.ocmjea.controller.HouseDesignController], Qualifiers:[javax.enterprise.inject.Any,javax.enterprise.inject.Default,javax.inject.Named] from file:/Users/mattb/eclipse/workspace/ocmjea/target/apache-tomee/webapps/ocmjea-0.1/WEB-INF/classes/com/mbirtchnell/ocmjea/controller/HouseDesignController.class
HouseDesignController, Name:houseDesignController, WebBeans Type:MANAGED, API Types:[java.lang.Object,com.mbirtchnell.ocmjea.controllers.HouseDesignController], Qualifiers:[javax.enterprise.inject.Any,javax.enterprise.inject.Default,javax.inject.Named] from file:/Users/mattb/eclipse/workspace/ocmjea/target/apache-tomee/webapps/ocmjea-0.1/WEB-INF/classes/com/mbirtchnell/ocmjea/controllers/HouseDesignController.class
	at org.apache.webbeans.util.InjectionExceptionUtil.throwAmbiguousResolutionExceptionForBeans(InjectionExceptionUtil.java:104)
	at org.apache.webbeans.util.InjectionExceptionUtil.throwAmbiguousResolutionExceptionForBeanName(InjectionExceptionUtil.java:65)
	at org.apache.webbeans.config.BeansDeployer.validateBeanNames(BeansDeployer.java:540)
	at org.apache.webbeans.config.BeansDeployer.validate(BeansDeployer.java:508)
	at org.apache.webbeans.config.BeansDeployer.validateInjectionPoints(BeansDeployer.java:422)
	at org.apache.webbeans.config.BeansDeployer.deploy(BeansDeployer.java:202)
	... 64 more

Jul 04, 2016 4:49:41 PM org.apache.openejb.assembler.classic.Assembler destroyApplication
INFO: Undeploying app: /Users/mattb/eclipse/workspace/ocmjea/target/apache-tomee/webapps/ocmjea-0.1
Jul 04, 2016 4:49:42 PM org.apache.tomee.catalina.TomcatWebAppBuilder startInternal
SEVERE: Unable to deploy collapsed ear in war StandardEngine[Catalina].StandardHost[localhost].StandardContext[/ocmjea-0.1]
org.apache.openejb.OpenEJBException: Creating application failed: /Users/mattb/eclipse/workspace/ocmjea/target/apache-tomee/webapps/ocmjea-0.1: couldn't start owb context
	at org.apache.openejb.assembler.classic.Assembler.createApplication(Assembler.java:896)
	at org.apache.openejb.assembler.classic.Assembler.createApplication(Assembler.java:623)
	at org.apache.tomee.catalina.TomcatWebAppBuilder.startInternal(TomcatWebAppBuilder.java:1248)
	at org.apache.tomee.catalina.TomcatWebAppBuilder.configureStart(TomcatWebAppBuilder.java:1087)
	at org.apache.tomee.catalina.GlobalListenerSupport.lifecycleEvent(GlobalListenerSupport.java:130)
	at org.apache.catalina.util.LifecycleSupport.fireLifecycleEvent(LifecycleSupport.java:117)
	at org.apache.catalina.util.LifecycleBase.fireLifecycleEvent(LifecycleBase.java:90)
	at org.apache.catalina.core.StandardContext.startInternal(StandardContext.java:5378)
	at org.apache.catalina.util.LifecycleBase.start(LifecycleBase.java:150)
	at org.apache.catalina.core.StandardContext.reload(StandardContext.java:4007)
	at org.apache.tomee.catalina.deployment.TomcatWebappDeployer.reload(TomcatWebappDeployer.java:82)
	at org.apache.openejb.assembler.DeployerEjb.reload(DeployerEjb.java:411)
	at org.apache.openejb.assembler.DeployerEjb.reload(DeployerEjb.java:399)
	at sun.reflect.NativeMethodAccessorImpl.invoke0(Native Method)
	at sun.reflect.NativeMethodAccessorImpl.invoke(NativeMethodAccessorImpl.java:57)
	at sun.reflect.DelegatingMethodAccessorImpl.invoke(DelegatingMethodAccessorImpl.java:43)
	at java.lang.reflect.Method.invoke(Method.java:601)
	at org.apache.openejb.core.interceptor.ReflectionInvocationContext$Invocation.invoke(ReflectionInvocationContext.java:192)
	at org.apache.openejb.core.interceptor.ReflectionInvocationContext.proceed(ReflectionInvocationContext.java:173)
	at org.apache.openejb.security.internal.InternalSecurityInterceptor.invoke(InternalSecurityInterceptor.java:35)
	at sun.reflect.NativeMethodAccessorImpl.invoke0(Native Method)
	at sun.reflect.NativeMethodAccessorImpl.invoke(NativeMethodAccessorImpl.java:57)
	at sun.reflect.DelegatingMethodAccessorImpl.invoke(DelegatingMethodAccessorImpl.java:43)
	at java.lang.reflect.Method.invoke(Method.java:601)
	at org.apache.openejb.core.interceptor.ReflectionInvocationContext$Invocation.invoke(ReflectionInvocationContext.java:192)
	at org.apache.openejb.core.interceptor.ReflectionInvocationContext.proceed(ReflectionInvocationContext.java:173)
	at org.apache.openejb.monitoring.StatsInterceptor.record(StatsInterceptor.java:181)
	at org.apache.openejb.monitoring.StatsInterceptor.invoke(StatsInterceptor.java:100)
	at sun.reflect.NativeMethodAccessorImpl.invoke0(Native Method)
	at sun.reflect.NativeMethodAccessorImpl.invoke(NativeMethodAccessorImpl.java:57)
	at sun.reflect.DelegatingMethodAccessorImpl.invoke(DelegatingMethodAccessorImpl.java:43)
	at java.lang.reflect.Method.invoke(Method.java:601)
	at org.apache.openejb.core.interceptor.ReflectionInvocationContext$Invocation.invoke(ReflectionInvocationContext.java:192)
	at org.apache.openejb.core.interceptor.ReflectionInvocationContext.proceed(ReflectionInvocationContext.java:173)
	at org.apache.openejb.core.interceptor.InterceptorStack.invoke(InterceptorStack.java:85)
	at org.apache.openejb.core.stateless.StatelessContainer._invoke(StatelessContainer.java:227)
	at org.apache.openejb.core.stateless.StatelessContainer.invoke(StatelessContainer.java:194)
	at org.apache.openejb.server.ejbd.EjbRequestHandler.doEjbObject_BUSINESS_METHOD(EjbRequestHandler.java:370)
	at org.apache.openejb.server.ejbd.EjbRequestHandler.processRequest(EjbRequestHandler.java:181)
	at org.apache.openejb.server.ejbd.EjbDaemon.processEjbRequest(EjbDaemon.java:344)
	at org.apache.openejb.server.ejbd.EjbDaemon.service(EjbDaemon.java:240)
	at org.apache.openejb.server.ejbd.EjbServer.service(EjbServer.java:86)
	at org.apache.openejb.server.httpd.ServerServlet.service(ServerServlet.java:58)
	at javax.servlet.http.HttpServlet.service(HttpServlet.java:727)
	at org.apache.catalina.core.ApplicationFilterChain.internalDoFilter(ApplicationFilterChain.java:303)
	at org.apache.catalina.core.ApplicationFilterChain.doFilter(ApplicationFilterChain.java:208)
	at org.apache.catalina.core.StandardWrapperValve.invoke(StandardWrapperValve.java:220)
	at org.apache.catalina.core.StandardContextValve.invoke(StandardContextValve.java:122)
	at org.apache.tomee.catalina.OpenEJBValve.invoke(OpenEJBValve.java:44)
	at org.apache.catalina.core.StandardHostValve.invoke(StandardHostValve.java:171)
	at org.apache.catalina.valves.ErrorReportValve.invoke(ErrorReportValve.java:103)
	at org.apache.catalina.valves.AccessLogValve.invoke(AccessLogValve.java:950)
	at org.apache.catalina.core.StandardEngineValve.invoke(StandardEngineValve.java:116)
	at org.apache.catalina.connector.CoyoteAdapter.service(CoyoteAdapter.java:408)
	at org.apache.coyote.http11.AbstractHttp11Processor.process(AbstractHttp11Processor.java:1070)
	at org.apache.coyote.AbstractProtocol$AbstractConnectionHandler.process(AbstractProtocol.java:611)
	at org.apache.tomcat.util.net.JIoEndpoint$SocketProcessor.run(JIoEndpoint.java:316)
	at java.util.concurrent.ThreadPoolExecutor.runWorker(ThreadPoolExecutor.java:1110)
	at java.util.concurrent.ThreadPoolExecutor$Worker.run(ThreadPoolExecutor.java:603)
	at org.apache.tomcat.util.threads.TaskThread$WrappingRunnable.run(TaskThread.java:61)
	at java.lang.Thread.run(Thread.java:722)
Caused by: org.apache.openejb.OpenEJBRuntimeException: couldn't start owb context
	at org.apache.openejb.cdi.ThreadSingletonServiceImpl.initialize(ThreadSingletonServiceImpl.java:162)
	at org.apache.openejb.cdi.CdiBuilder.build(CdiBuilder.java:41)
	at org.apache.openejb.assembler.classic.Assembler.createApplication(Assembler.java:797)
	... 60 more
Caused by: org.apache.openejb.OpenEJBRuntimeException: org.apache.webbeans.exception.inject.DeploymentException: javax.enterprise.inject.AmbiguousResolutionException: There are more than one WebBeans with name : houseDesignController
found beans: 
HouseDesignController, Name:houseDesignController, WebBeans Type:MANAGED, API Types:[java.lang.Object,com.mbirtchnell.ocmjea.controller.HouseDesignController], Qualifiers:[javax.enterprise.inject.Any,javax.enterprise.inject.Default,javax.inject.Named] from file:/Users/mattb/eclipse/workspace/ocmjea/target/apache-tomee/webapps/ocmjea-0.1/WEB-INF/classes/com/mbirtchnell/ocmjea/controller/HouseDesignController.class
HouseDesignController, Name:houseDesignController, WebBeans Type:MANAGED, API Types:[java.lang.Object,com.mbirtchnell.ocmjea.controllers.HouseDesignController], Qualifiers:[javax.enterprise.inject.Any,javax.enterprise.inject.Default,javax.inject.Named] from file:/Users/mattb/eclipse/workspace/ocmjea/target/apache-tomee/webapps/ocmjea-0.1/WEB-INF/classes/com/mbirtchnell/ocmjea/controllers/HouseDesignController.class
	at org.apache.openejb.cdi.OpenEJBLifecycle.startApplication(OpenEJBLifecycle.java:197)
	at org.apache.openejb.cdi.ThreadSingletonServiceImpl.initialize(ThreadSingletonServiceImpl.java:160)
	... 62 more
Caused by: org.apache.webbeans.exception.inject.DeploymentException: javax.enterprise.inject.AmbiguousResolutionException: There are more than one WebBeans with name : houseDesignController
found beans: 
HouseDesignController, Name:houseDesignController, WebBeans Type:MANAGED, API Types:[java.lang.Object,com.mbirtchnell.ocmjea.controller.HouseDesignController], Qualifiers:[javax.enterprise.inject.Any,javax.enterprise.inject.Default,javax.inject.Named] from file:/Users/mattb/eclipse/workspace/ocmjea/target/apache-tomee/webapps/ocmjea-0.1/WEB-INF/classes/com/mbirtchnell/ocmjea/controller/HouseDesignController.class
HouseDesignController, Name:houseDesignController, WebBeans Type:MANAGED, API Types:[java.lang.Object,com.mbirtchnell.ocmjea.controllers.HouseDesignController], Qualifiers:[javax.enterprise.inject.Any,javax.enterprise.inject.Default,javax.inject.Named] from file:/Users/mattb/eclipse/workspace/ocmjea/target/apache-tomee/webapps/ocmjea-0.1/WEB-INF/classes/com/mbirtchnell/ocmjea/controllers/HouseDesignController.class
	at org.apache.webbeans.config.BeansDeployer.deploy(BeansDeployer.java:219)
	at org.apache.openejb.cdi.OpenEJBLifecycle.startApplication(OpenEJBLifecycle.java:194)
	... 63 more
Caused by: javax.enterprise.inject.AmbiguousResolutionException: There are more than one WebBeans with name : houseDesignController
found beans: 
HouseDesignController, Name:houseDesignController, WebBeans Type:MANAGED, API Types:[java.lang.Object,com.mbirtchnell.ocmjea.controller.HouseDesignController], Qualifiers:[javax.enterprise.inject.Any,javax.enterprise.inject.Default,javax.inject.Named] from file:/Users/mattb/eclipse/workspace/ocmjea/target/apache-tomee/webapps/ocmjea-0.1/WEB-INF/classes/com/mbirtchnell/ocmjea/controller/HouseDesignController.class
HouseDesignController, Name:houseDesignController, WebBeans Type:MANAGED, API Types:[java.lang.Object,com.mbirtchnell.ocmjea.controllers.HouseDesignController], Qualifiers:[javax.enterprise.inject.Any,javax.enterprise.inject.Default,javax.inject.Named] from file:/Users/mattb/eclipse/workspace/ocmjea/target/apache-tomee/webapps/ocmjea-0.1/WEB-INF/classes/com/mbirtchnell/ocmjea/controllers/HouseDesignController.class
	at org.apache.webbeans.util.InjectionExceptionUtil.throwAmbiguousResolutionExceptionForBeans(InjectionExceptionUtil.java:104)
	at org.apache.webbeans.util.InjectionExceptionUtil.throwAmbiguousResolutionExceptionForBeanName(InjectionExceptionUtil.java:65)
	at org.apache.webbeans.config.BeansDeployer.validateBeanNames(BeansDeployer.java:540)
	at org.apache.webbeans.config.BeansDeployer.validate(BeansDeployer.java:508)
	at org.apache.webbeans.config.BeansDeployer.validateInjectionPoints(BeansDeployer.java:422)
	at org.apache.webbeans.config.BeansDeployer.deploy(BeansDeployer.java:202)
	... 64 more

Jul 04, 2016 4:49:42 PM org.apache.catalina.core.StandardContext reload
SEVERE: Exception starting Context with name [/ocmjea-0.1]
org.apache.catalina.LifecycleException: Failed to start component [StandardEngine[Catalina].StandardHost[localhost].StandardContext[/ocmjea-0.1]]
	at org.apache.catalina.util.LifecycleBase.start(LifecycleBase.java:154)
	at org.apache.catalina.core.StandardContext.reload(StandardContext.java:4007)
	at org.apache.tomee.catalina.deployment.TomcatWebappDeployer.reload(TomcatWebappDeployer.java:82)
	at org.apache.openejb.assembler.DeployerEjb.reload(DeployerEjb.java:411)
	at org.apache.openejb.assembler.DeployerEjb.reload(DeployerEjb.java:399)
	at sun.reflect.NativeMethodAccessorImpl.invoke0(Native Method)
	at sun.reflect.NativeMethodAccessorImpl.invoke(NativeMethodAccessorImpl.java:57)
	at sun.reflect.DelegatingMethodAccessorImpl.invoke(DelegatingMethodAccessorImpl.java:43)
	at java.lang.reflect.Method.invoke(Method.java:601)
	at org.apache.openejb.core.interceptor.ReflectionInvocationContext$Invocation.invoke(ReflectionInvocationContext.java:192)
	at org.apache.openejb.core.interceptor.ReflectionInvocationContext.proceed(ReflectionInvocationContext.java:173)
	at org.apache.openejb.security.internal.InternalSecurityInterceptor.invoke(InternalSecurityInterceptor.java:35)
	at sun.reflect.NativeMethodAccessorImpl.invoke0(Native Method)
	at sun.reflect.NativeMethodAccessorImpl.invoke(NativeMethodAccessorImpl.java:57)
	at sun.reflect.DelegatingMethodAccessorImpl.invoke(DelegatingMethodAccessorImpl.java:43)
	at java.lang.reflect.Method.invoke(Method.java:601)
	at org.apache.openejb.core.interceptor.ReflectionInvocationContext$Invocation.invoke(ReflectionInvocationContext.java:192)
	at org.apache.openejb.core.interceptor.ReflectionInvocationContext.proceed(ReflectionInvocationContext.java:173)
	at org.apache.openejb.monitoring.StatsInterceptor.record(StatsInterceptor.java:181)
	at org.apache.openejb.monitoring.StatsInterceptor.invoke(StatsInterceptor.java:100)
	at sun.reflect.NativeMethodAccessorImpl.invoke0(Native Method)
	at sun.reflect.NativeMethodAccessorImpl.invoke(NativeMethodAccessorImpl.java:57)
	at sun.reflect.DelegatingMethodAccessorImpl.invoke(DelegatingMethodAccessorImpl.java:43)
	at java.lang.reflect.Method.invoke(Method.java:601)
	at org.apache.openejb.core.interceptor.ReflectionInvocationContext$Invocation.invoke(ReflectionInvocationContext.java:192)
	at org.apache.openejb.core.interceptor.ReflectionInvocationContext.proceed(ReflectionInvocationContext.java:173)
	at org.apache.openejb.core.interceptor.InterceptorStack.invoke(InterceptorStack.java:85)
	at org.apache.openejb.core.stateless.StatelessContainer._invoke(StatelessContainer.java:227)
	at org.apache.openejb.core.stateless.StatelessContainer.invoke(StatelessContainer.java:194)
	at org.apache.openejb.server.ejbd.EjbRequestHandler.doEjbObject_BUSINESS_METHOD(EjbRequestHandler.java:370)
	at org.apache.openejb.server.ejbd.EjbRequestHandler.processRequest(EjbRequestHandler.java:181)
	at org.apache.openejb.server.ejbd.EjbDaemon.processEjbRequest(EjbDaemon.java:344)
	at org.apache.openejb.server.ejbd.EjbDaemon.service(EjbDaemon.java:240)
	at org.apache.openejb.server.ejbd.EjbServer.service(EjbServer.java:86)
	at org.apache.openejb.server.httpd.ServerServlet.service(ServerServlet.java:58)
	at javax.servlet.http.HttpServlet.service(HttpServlet.java:727)
	at org.apache.catalina.core.ApplicationFilterChain.internalDoFilter(ApplicationFilterChain.java:303)
	at org.apache.catalina.core.ApplicationFilterChain.doFilter(ApplicationFilterChain.java:208)
	at org.apache.catalina.core.StandardWrapperValve.invoke(StandardWrapperValve.java:220)
	at org.apache.catalina.core.StandardContextValve.invoke(StandardContextValve.java:122)
	at org.apache.tomee.catalina.OpenEJBValve.invoke(OpenEJBValve.java:44)
	at org.apache.catalina.core.StandardHostValve.invoke(StandardHostValve.java:171)
	at org.apache.catalina.valves.ErrorReportValve.invoke(ErrorReportValve.java:103)
	at org.apache.catalina.valves.AccessLogValve.invoke(AccessLogValve.java:950)
	at org.apache.catalina.core.StandardEngineValve.invoke(StandardEngineValve.java:116)
	at org.apache.catalina.connector.CoyoteAdapter.service(CoyoteAdapter.java:408)
	at org.apache.coyote.http11.AbstractHttp11Processor.process(AbstractHttp11Processor.java:1070)
	at org.apache.coyote.AbstractProtocol$AbstractConnectionHandler.process(AbstractProtocol.java:611)
	at org.apache.tomcat.util.net.JIoEndpoint$SocketProcessor.run(JIoEndpoint.java:316)
	at java.util.concurrent.ThreadPoolExecutor.runWorker(ThreadPoolExecutor.java:1110)
	at java.util.concurrent.ThreadPoolExecutor$Worker.run(ThreadPoolExecutor.java:603)
	at org.apache.tomcat.util.threads.TaskThread$WrappingRunnable.run(TaskThread.java:61)
	at java.lang.Thread.run(Thread.java:722)
Caused by: org.apache.tomee.catalina.TomEERuntimeException: org.apache.openejb.OpenEJBException: Creating application failed: /Users/mattb/eclipse/workspace/ocmjea/target/apache-tomee/webapps/ocmjea-0.1: couldn't start owb context
	at org.apache.tomee.catalina.TomcatWebAppBuilder.startInternal(TomcatWebAppBuilder.java:1257)
	at org.apache.tomee.catalina.TomcatWebAppBuilder.configureStart(TomcatWebAppBuilder.java:1087)
	at org.apache.tomee.catalina.GlobalListenerSupport.lifecycleEvent(GlobalListenerSupport.java:130)
	at org.apache.catalina.util.LifecycleSupport.fireLifecycleEvent(LifecycleSupport.java:117)
	at org.apache.catalina.util.LifecycleBase.fireLifecycleEvent(LifecycleBase.java:90)
	at org.apache.catalina.core.StandardContext.startInternal(StandardContext.java:5378)
	at org.apache.catalina.util.LifecycleBase.start(LifecycleBase.java:150)
	... 52 more
Caused by: org.apache.openejb.OpenEJBException: Creating application failed: /Users/mattb/eclipse/workspace/ocmjea/target/apache-tomee/webapps/ocmjea-0.1: couldn't start owb context
	at org.apache.openejb.assembler.classic.Assembler.createApplication(Assembler.java:896)
	at org.apache.openejb.assembler.classic.Assembler.createApplication(Assembler.java:623)
	at org.apache.tomee.catalina.TomcatWebAppBuilder.startInternal(TomcatWebAppBuilder.java:1248)
	... 58 more
Caused by: org.apache.openejb.OpenEJBRuntimeException: couldn't start owb context
	at org.apache.openejb.cdi.ThreadSingletonServiceImpl.initialize(ThreadSingletonServiceImpl.java:162)
	at org.apache.openejb.cdi.CdiBuilder.build(CdiBuilder.java:41)
	at org.apache.openejb.assembler.classic.Assembler.createApplication(Assembler.java:797)
	... 60 more
Caused by: org.apache.openejb.OpenEJBRuntimeException: org.apache.webbeans.exception.inject.DeploymentException: javax.enterprise.inject.AmbiguousResolutionException: There are more than one WebBeans with name : houseDesignController
found beans: 
HouseDesignController, Name:houseDesignController, WebBeans Type:MANAGED, API Types:[java.lang.Object,com.mbirtchnell.ocmjea.controller.HouseDesignController], Qualifiers:[javax.enterprise.inject.Any,javax.enterprise.inject.Default,javax.inject.Named] from file:/Users/mattb/eclipse/workspace/ocmjea/target/apache-tomee/webapps/ocmjea-0.1/WEB-INF/classes/com/mbirtchnell/ocmjea/controller/HouseDesignController.class
HouseDesignController, Name:houseDesignController, WebBeans Type:MANAGED, API Types:[java.lang.Object,com.mbirtchnell.ocmjea.controllers.HouseDesignController], Qualifiers:[javax.enterprise.inject.Any,javax.enterprise.inject.Default,javax.inject.Named] from file:/Users/mattb/eclipse/workspace/ocmjea/target/apache-tomee/webapps/ocmjea-0.1/WEB-INF/classes/com/mbirtchnell/ocmjea/controllers/HouseDesignController.class
	at org.apache.openejb.cdi.OpenEJBLifecycle.startApplication(OpenEJBLifecycle.java:197)
	at org.apache.openejb.cdi.ThreadSingletonServiceImpl.initialize(ThreadSingletonServiceImpl.java:160)
	... 62 more
Caused by: org.apache.webbeans.exception.inject.DeploymentException: javax.enterprise.inject.AmbiguousResolutionException: There are more than one WebBeans with name : houseDesignController
found beans: 
HouseDesignController, Name:houseDesignController, WebBeans Type:MANAGED, API Types:[java.lang.Object,com.mbirtchnell.ocmjea.controller.HouseDesignController], Qualifiers:[javax.enterprise.inject.Any,javax.enterprise.inject.Default,javax.inject.Named] from file:/Users/mattb/eclipse/workspace/ocmjea/target/apache-tomee/webapps/ocmjea-0.1/WEB-INF/classes/com/mbirtchnell/ocmjea/controller/HouseDesignController.class
HouseDesignController, Name:houseDesignController, WebBeans Type:MANAGED, API Types:[java.lang.Object,com.mbirtchnell.ocmjea.controllers.HouseDesignController], Qualifiers:[javax.enterprise.inject.Any,javax.enterprise.inject.Default,javax.inject.Named] from file:/Users/mattb/eclipse/workspace/ocmjea/target/apache-tomee/webapps/ocmjea-0.1/WEB-INF/classes/com/mbirtchnell/ocmjea/controllers/HouseDesignController.class
	at org.apache.webbeans.config.BeansDeployer.deploy(BeansDeployer.java:219)
	at org.apache.openejb.cdi.OpenEJBLifecycle.startApplication(OpenEJBLifecycle.java:194)
	... 63 more
Caused by: javax.enterprise.inject.AmbiguousResolutionException: There are more than one WebBeans with name : houseDesignController
found beans: 
HouseDesignController, Name:houseDesignController, WebBeans Type:MANAGED, API Types:[java.lang.Object,com.mbirtchnell.ocmjea.controller.HouseDesignController], Qualifiers:[javax.enterprise.inject.Any,javax.enterprise.inject.Default,javax.inject.Named] from file:/Users/mattb/eclipse/workspace/ocmjea/target/apache-tomee/webapps/ocmjea-0.1/WEB-INF/classes/com/mbirtchnell/ocmjea/controller/HouseDesignController.class
HouseDesignController, Name:houseDesignController, WebBeans Type:MANAGED, API Types:[java.lang.Object,com.mbirtchnell.ocmjea.controllers.HouseDesignController], Qualifiers:[javax.enterprise.inject.Any,javax.enterprise.inject.Default,javax.inject.Named] from file:/Users/mattb/eclipse/workspace/ocmjea/target/apache-tomee/webapps/ocmjea-0.1/WEB-INF/classes/com/mbirtchnell/ocmjea/controllers/HouseDesignController.class
	at org.apache.webbeans.util.InjectionExceptionUtil.throwAmbiguousResolutionExceptionForBeans(InjectionExceptionUtil.java:104)
	at org.apache.webbeans.util.InjectionExceptionUtil.throwAmbiguousResolutionExceptionForBeanName(InjectionExceptionUtil.java:65)
	at org.apache.webbeans.config.BeansDeployer.validateBeanNames(BeansDeployer.java:540)
	at org.apache.webbeans.config.BeansDeployer.validate(BeansDeployer.java:508)
	at org.apache.webbeans.config.BeansDeployer.validateInjectionPoints(BeansDeployer.java:422)
	at org.apache.webbeans.config.BeansDeployer.deploy(BeansDeployer.java:202)
	... 64 more

Jul 04, 2016 4:49:42 PM org.apache.catalina.core.StandardContext reload
INFO: Reloading Context with name [/ocmjea-0.1] is completed
Jul 04, 2016 4:49:46 PM org.apache.catalina.core.StandardServer await
INFO: A valid shutdown command was received via the shutdown port. Stopping the Server instance.
Jul 04, 2016 4:49:46 PM org.apache.coyote.AbstractProtocol pause
INFO: Pausing ProtocolHandler ["http-bio-8080"]
Jul 04, 2016 4:49:46 PM org.apache.coyote.AbstractProtocol pause
INFO: Pausing ProtocolHandler ["ajp-bio-8009"]
Jul 04, 2016 4:49:46 PM org.apache.catalina.core.StandardService stopInternal
INFO: Stopping service Catalina
Jul 04, 2016 4:49:46 PM org.apache.coyote.AbstractProtocol stop
INFO: Stopping ProtocolHandler ["http-bio-8080"]
Jul 04, 2016 4:49:46 PM org.apache.coyote.AbstractProtocol stop
INFO: Stopping ProtocolHandler ["ajp-bio-8009"]
Jul 04, 2016 4:49:46 PM org.apache.openejb.server.SimpleServiceManager stop
INFO: Stopping server services
Jul 04, 2016 4:49:46 PM org.apache.openejb.assembler.classic.Assembler destroyApplication
INFO: Undeploying app: openejb
Jul 04, 2016 4:49:46 PM org.apache.openejb.assembler.classic.Assembler destroyResource
INFO: Closing DataSource: Default JDBC Database
Jul 04, 2016 4:49:46 PM org.apache.openejb.assembler.classic.Assembler destroyResource
INFO: Closing DataSource: Default Unmanaged JDBC Database
Jul 04, 2016 4:49:46 PM org.apache.coyote.AbstractProtocol destroy
INFO: Destroying ProtocolHandler ["http-bio-8080"]
Jul 04, 2016 4:49:46 PM org.apache.coyote.AbstractProtocol destroy
INFO: Destroying ProtocolHandler ["ajp-bio-8009"]
